<?xml version="1.0" encoding="UTF-8"?>
<!-- Generated by org.testng.reporters.JUnitReportReporter -->
<testsuite hostname="DESKTOP-TH085TJ" failures="0" tests="2" name="TestScenarios.TestMethodManagement" time="128.385" errors="0" timestamp="2023-08-03T16:32:18 IST" skipped="0">
  <testcase classname="TestScenarios.TestMethodManagement" name="login1" time="1.874"/>
  <system-out/>
  <testcase classname="TestScenarios.TestMethodManagement" name="dataDown" time="126.511"/>
  <system-out/>
</testsuite> <!-- TestScenarios.TestMethodManagement -->
